<?xml version="1.0" encoding="UTF-8"?>
<testsuite name="WordPuzzleTest" tests="4" skipped="0" failures="0" errors="0" timestamp="2015-08-16T01:45:22" hostname="Jen-Quiross-MacBook-Pro.local" time="6.319">
  <properties/>
  <testcase name="puzzleDisplay" classname="WordPuzzleTest" time="6.159"/>
  <testcase name="replaceVowels_changeAllVowelsToDashes_aeiou" classname="WordPuzzleTest" time="0.003"/>
  <testcase name="rootTest" classname="WordPuzzleTest" time="0.047"/>
  <testcase name="replaceVowels_returnADashSymbolForAVowel_bed" classname="WordPuzzleTest" time="0.003"/>
  <system-out><![CDATA[]]></system-out>
  <system-err><![CDATA[[Thread-4] INFO spark.webserver.SparkServer - == Spark has ignited ...
[Thread-4] INFO spark.webserver.SparkServer - >> Listening on 0.0.0.0:4567
[Thread-4] INFO org.eclipse.jetty.server.Server - jetty-9.0.2.v20130417
[Thread-4] INFO org.eclipse.jetty.server.ServerConnector - Started ServerConnector@7f80b19b{HTTP/1.1}{0.0.0.0:4567}
[Test worker] INFO spark.webserver.SparkServer - >>> Spark shutting down ...
[Test worker] INFO org.eclipse.jetty.server.Server - Graceful shutdown org.eclipse.jetty.server.Server@5858a275 by 
[Test worker] INFO org.eclipse.jetty.server.ServerConnector - Stopped ServerConnector@7f80b19b{HTTP/1.1}{0.0.0.0:4567}
[Test worker] INFO spark.webserver.SparkServer - done
]]></system-err>
</testsuite>
